2020-04-06T19:39:49.189660+09:00 0 [Warning] [MY-011070] [Server] 'Disabling symbolic links using --skip-symbolic-links (or equivalent) is the default. Consider not using this option as it' is deprecated and will be removed in a future release.
2020-04-06T19:39:49.189832+09:00 0 [System] [MY-013169] [Server] /usr/sbin/mysqld (mysqld 8.0.19) initializing of server in progress as process 41
2020-04-06T19:39:56.801635+09:00 5 [Warning] [MY-010453] [Server] root@localhost is created with an empty password ! Please consider switching off the --initialize-insecure option.
2020-04-06T19:40:28.710415+09:00 0 [Warning] [MY-011070] [Server] 'Disabling symbolic links using --skip-symbolic-links (or equivalent) is the default. Consider not using this option as it' is deprecated and will be removed in a future release.
2020-04-06T19:40:28.711985+09:00 0 [System] [MY-010116] [Server] /usr/sbin/mysqld (mysqld 8.0.19) starting as process 91
2020-04-06T19:40:32.185231+09:00 0 [Warning] [MY-010068] [Server] CA certificate ca.pem is self signed.
2020-04-06T19:40:32.199491+09:00 0 [Warning] [MY-011810] [Server] Insecure configuration for --pid-file: Location '/var/run/mysqld' in the path is accessible to all OS users. Consider choosing a different directory.
2020-04-06T19:40:32.275533+09:00 0 [System] [MY-010931] [Server] /usr/sbin/mysqld: ready for connections. Version: '8.0.19'  socket: '/var/run/mysqld/mysqld.sock'  port: 0  MySQL Community Server - GPL.
2020-04-06T19:40:32.357292+09:00 0 [System] [MY-011323] [Server] X Plugin ready for connections. Socket: '/var/run/mysqld/mysqlx.sock'
2020-04-06T19:41:06.818614+09:00 14 [System] [MY-013172] [Server] Received SHUTDOWN from user root. Shutting down mysqld (Version: 8.0.19).
2020-04-06T19:41:08.264525+09:00 0 [System] [MY-010910] [Server] /usr/sbin/mysqld: Shutdown complete (mysqld 8.0.19)  MySQL Community Server - GPL.
2020-04-06T19:41:09.497280+09:00 0 [Warning] [MY-011070] [Server] 'Disabling symbolic links using --skip-symbolic-links (or equivalent) is the default. Consider not using this option as it' is deprecated and will be removed in a future release.
2020-04-06T19:41:09.497737+09:00 0 [System] [MY-010116] [Server] /usr/sbin/mysqld (mysqld 8.0.19) starting as process 1
2020-04-06T19:41:10.452643+09:00 0 [Warning] [MY-010068] [Server] CA certificate ca.pem is self signed.
2020-04-06T19:41:10.468486+09:00 0 [Warning] [MY-011810] [Server] Insecure configuration for --pid-file: Location '/var/run/mysqld' in the path is accessible to all OS users. Consider choosing a different directory.
2020-04-06T19:41:10.526464+09:00 0 [System] [MY-010931] [Server] /usr/sbin/mysqld: ready for connections. Version: '8.0.19'  socket: '/var/run/mysqld/mysqld.sock'  port: 3306  MySQL Community Server - GPL.
2020-04-06T19:41:10.761392+09:00 0 [System] [MY-011323] [Server] X Plugin ready for connections. Socket: '/var/run/mysqld/mysqlx.sock' bind-address: '::' port: 33060
2020-04-06T19:49:43.045427+09:00 0 [System] [MY-010910] [Server] /usr/sbin/mysqld: Shutdown complete (mysqld 8.0.19)  MySQL Community Server - GPL.
2020-04-06T20:03:38.930988+09:00 0 [Warning] [MY-011070] [Server] 'Disabling symbolic links using --skip-symbolic-links (or equivalent) is the default. Consider not using this option as it' is deprecated and will be removed in a future release.
2020-04-06T20:03:38.931202+09:00 0 [System] [MY-013169] [Server] /usr/sbin/mysqld (mysqld 8.0.19) initializing of server in progress as process 43
2020-04-06T20:03:44.019123+09:00 5 [Warning] [MY-010453] [Server] root@localhost is created with an empty password ! Please consider switching off the --initialize-insecure option.
2020-04-06T20:04:15.156504+09:00 0 [Warning] [MY-011070] [Server] 'Disabling symbolic links using --skip-symbolic-links (or equivalent) is the default. Consider not using this option as it' is deprecated and will be removed in a future release.
2020-04-06T20:04:15.293799+09:00 0 [System] [MY-010116] [Server] /usr/sbin/mysqld (mysqld 8.0.19) starting as process 93
2020-04-06T20:04:19.176700+09:00 0 [Warning] [MY-010068] [Server] CA certificate ca.pem is self signed.
2020-04-06T20:04:19.183366+09:00 0 [Warning] [MY-011810] [Server] Insecure configuration for --pid-file: Location '/var/run/mysqld' in the path is accessible to all OS users. Consider choosing a different directory.
2020-04-06T20:04:19.260865+09:00 0 [System] [MY-010931] [Server] /usr/sbin/mysqld: ready for connections. Version: '8.0.19'  socket: '/var/run/mysqld/mysqld.sock'  port: 0  MySQL Community Server - GPL.
2020-04-06T20:04:19.311759+09:00 0 [System] [MY-011323] [Server] X Plugin ready for connections. Socket: '/var/run/mysqld/mysqlx.sock'
2020-04-06T20:05:04.076140+09:00 14 [System] [MY-013172] [Server] Received SHUTDOWN from user root. Shutting down mysqld (Version: 8.0.19).
2020-04-06T20:05:05.948731+09:00 0 [System] [MY-010910] [Server] /usr/sbin/mysqld: Shutdown complete (mysqld 8.0.19)  MySQL Community Server - GPL.
2020-04-06T20:05:08.139766+09:00 0 [Warning] [MY-011070] [Server] 'Disabling symbolic links using --skip-symbolic-links (or equivalent) is the default. Consider not using this option as it' is deprecated and will be removed in a future release.
2020-04-06T20:05:08.141757+09:00 0 [System] [MY-010116] [Server] /usr/sbin/mysqld (mysqld 8.0.19) starting as process 1
2020-04-06T20:05:11.277115+09:00 0 [Warning] [MY-010068] [Server] CA certificate ca.pem is self signed.
2020-04-06T20:05:11.295725+09:00 0 [Warning] [MY-011810] [Server] Insecure configuration for --pid-file: Location '/var/run/mysqld' in the path is accessible to all OS users. Consider choosing a different directory.
2020-04-06T20:05:11.569933+09:00 0 [System] [MY-010931] [Server] /usr/sbin/mysqld: ready for connections. Version: '8.0.19'  socket: '/var/run/mysqld/mysqld.sock'  port: 3306  MySQL Community Server - GPL.
2020-04-06T20:05:11.745371+09:00 0 [System] [MY-011323] [Server] X Plugin ready for connections. Socket: '/var/run/mysqld/mysqlx.sock' bind-address: '::' port: 33060
mbind: Operation not permitted
